[debug] [2024-12-01T14:18:44.271Z] ----------------------------------------------------------------------
[debug] [2024-12-01T14:18:44.273Z] Command:       C:\Program Files\nodejs\node.exe C:\Users\Narmeshit\AppData\Roaming\npm\node_modules\firebase-tools\lib\bin\firebase.js apps:create android voygo (android) --package-name=com.narmeshit.voygo --json --project=voygo-b94ae
[debug] [2024-12-01T14:18:44.273Z] CLI Version:   13.27.0
[debug] [2024-12-01T14:18:44.273Z] Platform:      win32
[debug] [2024-12-01T14:18:44.273Z] Node Version:  v22.11.0
[debug] [2024-12-01T14:18:44.273Z] Time:          Sun Dec 01 2024 09:18:44 GMT-0500 (hora estándar de Perú)
[debug] [2024-12-01T14:18:44.273Z] ----------------------------------------------------------------------
[debug] 
[debug] [2024-12-01T14:18:44.278Z] > command requires scopes: ["email","openid","https://www.googleapis.com/auth/cloudplatformprojects.readonly","https://www.googleapis.com/auth/firebase","https://www.googleapis.com/auth/cloud-platform"]
[debug] [2024-12-01T14:18:44.278Z] > authorizing via signed-in user (jhondeicc99@gmail.com)
[info] Create your ANDROID app in project voygo-b94ae:
[debug] [2024-12-01T14:18:44.280Z] Checked if tokens are valid: true, expires at: 1733065725965
[debug] [2024-12-01T14:18:44.280Z] Checked if tokens are valid: true, expires at: 1733065725965
[debug] [2024-12-01T14:18:44.281Z] >>> [apiv2][query] POST https://firebase.googleapis.com/v1beta1/projects/voygo-b94ae/androidApps [none]
[debug] [2024-12-01T14:18:44.281Z] >>> [apiv2][body] POST https://firebase.googleapis.com/v1beta1/projects/voygo-b94ae/androidApps {"displayName":"voygo (android)","packageName":"com.narmeshit.voygo"}
[debug] [2024-12-01T14:18:45.508Z] <<< [apiv2][status] POST https://firebase.googleapis.com/v1beta1/projects/voygo-b94ae/androidApps 409
[debug] [2024-12-01T14:18:45.509Z] <<< [apiv2][body] POST https://firebase.googleapis.com/v1beta1/projects/voygo-b94ae/androidApps {"error":{"code":409,"message":"Requested entity already exists","status":"ALREADY_EXISTS"}}
[debug] [2024-12-01T14:18:45.509Z] Request to https://firebase.googleapis.com/v1beta1/projects/voygo-b94ae/androidApps had HTTP Error: 409, Requested entity already exists
[debug] [2024-12-01T14:18:45.510Z] FirebaseError: Request to https://firebase.googleapis.com/v1beta1/projects/voygo-b94ae/androidApps had HTTP Error: 409, Requested entity already exists
    at responseToError (C:\Users\Narmeshit\AppData\Roaming\npm\node_modules\firebase-tools\lib\responseToError.js:52:12)
    at RetryOperation._fn (C:\Users\Narmeshit\AppData\Roaming\npm\node_modules\firebase-tools\lib\apiv2.js:312:77)
    at process.processTicksAndRejections (node:internal/process/task_queues:105:5)
[error] 
[error] Error: Failed to create Android app for project voygo-b94ae. See firebase-debug.log for more info.
